0 info it worked if it ends with ok
1 verbose cli [ 'node', '/usr/local/bin/npm', 'run', 'check-credentials' ]
2 info using npm@2.7.4
3 info using node@v0.12.2
4 verbose run-script [ 'precheck-credentials',
4 verbose run-script   'check-credentials',
4 verbose run-script   'postcheck-credentials' ]
5 info precheck-credentials @
6 info check-credentials @
7 verbose unsafe-perm in lifecycle true
8 info @ Failed to exec check-credentials script
9 verbose stack Error: @ check-credentials: `mocha part1.js`
9 verbose stack Exit status 3
9 verbose stack     at EventEmitter.<anonymous> (/usr/local/lib/node_modules/npm/lib/utils/lifecycle.js:213:16)
9 verbose stack     at EventEmitter.emit (events.js:110:17)
9 verbose stack     at ChildProcess.<anonymous> (/usr/local/lib/node_modules/npm/lib/utils/spawn.js:14:12)
9 verbose stack     at ChildProcess.emit (events.js:110:17)
9 verbose stack     at maybeClose (child_process.js:1015:16)
9 verbose stack     at Process.ChildProcess._handle.onexit (child_process.js:1087:5)
10 verbose pkgid @
11 verbose cwd /Users/pauljones/Downloads/chapter2/chapter3
12 error Darwin 14.0.0
13 error argv "node" "/usr/local/bin/npm" "run" "check-credentials"
14 error node v0.12.2
15 error npm  v2.7.4
16 error code ELIFECYCLE
17 error @ check-credentials: `mocha part1.js`
17 error Exit status 3
18 error Failed at the @ check-credentials script 'mocha part1.js'.
18 error This is most likely a problem with the  package,
18 error not with npm itself.
18 error Tell the author that this fails on your system:
18 error     mocha part1.js
18 error You can get their info via:
18 error     npm owner ls
18 error There is likely additional logging output above.
19 verbose exit [ 1, true ]
